c:\users\catad\source\repos\taskmanager\taskmanager\x64\debug\qrc_taskmanager.obj
c:\users\catad\source\repos\taskmanager\taskmanager\x64\debug\taskmanager.obj
c:\users\catad\source\repos\taskmanager\taskmanager\x64\debug\moc_taskmanager.obj
c:\users\catad\source\repos\taskmanager\taskmanager\x64\debug\main.obj
c:\users\catad\source\repos\taskmanager\taskmanager\x64\debug\window.obj
c:\users\catad\source\repos\taskmanager\taskmanager\x64\debug\controller.obj
c:\users\catad\source\repos\taskmanager\taskmanager\x64\debug\moc_window.obj
c:\users\catad\source\repos\taskmanager\taskmanager\x64\debug\vc141.pdb
c:\users\catad\source\repos\taskmanager\x64\debug\taskmanager.exe
c:\users\catad\source\repos\taskmanager\x64\debug\taskmanager.ilk
c:\users\catad\source\repos\taskmanager\x64\debug\taskmanager.pdb
c:\users\catad\source\repos\taskmanager\taskmanager\generatedfiles\debug\moc_taskmanager.cpp
c:\users\catad\source\repos\taskmanager\taskmanager\generatedfiles\debug\moc_window.cpp
c:\users\catad\source\repos\taskmanager\taskmanager\generatedfiles\qrc_taskmanager.cpp
c:\users\catad\source\repos\taskmanager\taskmanager\generatedfiles\ui_taskmanager.h
c:\users\catad\source\repos\taskmanager\taskmanager\generatedfiles\ui_window.h
c:\users\catad\source\repos\taskmanager\taskmanager\generatedfiles\debug\moc_view.cpp
c:\users\catad\source\repos\taskmanager\taskmanager\generatedfiles\ui_view.h
c:\users\catad\source\repos\taskmanager\taskmanager\x64\debug\taskmanager.tlog\cl.command.1.tlog
c:\users\catad\source\repos\taskmanager\taskmanager\x64\debug\taskmanager.tlog\cl.read.1.tlog
c:\users\catad\source\repos\taskmanager\taskmanager\x64\debug\taskmanager.tlog\cl.write.1.tlog
c:\users\catad\source\repos\taskmanager\taskmanager\x64\debug\taskmanager.tlog\link.command.1.tlog
c:\users\catad\source\repos\taskmanager\taskmanager\x64\debug\taskmanager.tlog\link.read.1.tlog
c:\users\catad\source\repos\taskmanager\taskmanager\x64\debug\taskmanager.tlog\link.write.1.tlog
c:\users\catad\source\repos\taskmanager\taskmanager\x64\debug\taskmanager.tlog\taskmanager.write.1u.tlog
